<?xml version="1.0" encoding="UTF-8"?>
<!-- Generated by org.testng.reporters.JUnitXMLReporter -->
<testsuite ignored="0" hostname="LAPTOP-H6584H79" failures="0" tests="3" name="Default test" time="3.179" errors="0" timestamp="2024-01-19T20:46:31 CST">
  <testcase classname="post_get.PutPatchDelete" name="testDelete" time="2.217"/>
  <testcase classname="post_get.PutPatchDelete" name="testPatch" time="0.524"/>
  <testcase classname="post_get.PutPatchDelete" name="testPut" time="0.355"/>
</testsuite> <!-- Default test -->
