<?xml version="1.0" encoding="UTF-8"?>
<testng-results ignored="0" total="2" passed="2" failed="0" skipped="0">
  <reporter-output>
  </reporter-output>
  <suite started-at="2024-01-19T09:32:40 CST" name="Default suite" finished-at="2024-01-19T09:32:43 CST" duration-ms="3340">
    <groups>
    </groups>
    <test started-at="2024-01-19T09:32:40 CST" name="Default test" finished-at="2024-01-19T09:32:43 CST" duration-ms="3340">
      <class name="post_get.Ex1">
        <test-method signature="gf()[pri:0, instance:post_get.Ex1@6dc17b83]" started-at="2024-01-19T09:32:40 CST" name="gf" finished-at="2024-01-19T09:32:43 CST" duration-ms="2869" status="PASS">
          <reporter-output>
          </reporter-output>
        </test-method> <!-- gf -->
        <test-method signature="postf()[pri:0, instance:post_get.Ex1@6dc17b83]" started-at="2024-01-19T09:32:43 CST" name="postf" finished-at="2024-01-19T09:32:43 CST" duration-ms="424" status="PASS">
          <reporter-output>
          </reporter-output>
        </test-method> <!-- postf -->
      </class> <!-- post_get.Ex1 -->
    </test> <!-- Default test -->
  </suite> <!-- Default suite -->
</testng-results>
