<?xml version="1.0" encoding="UTF-8"?>
<testng-results ignored="0" total="3" passed="3" failed="0" skipped="0">
  <reporter-output>
  </reporter-output>
  <suite started-at="2024-01-19T20:46:28 CST" name="Default suite" finished-at="2024-01-19T20:46:31 CST" duration-ms="3179">
    <groups>
    </groups>
    <test started-at="2024-01-19T20:46:28 CST" name="Default test" finished-at="2024-01-19T20:46:31 CST" duration-ms="3179">
      <class name="post_get.PutPatchDelete">
        <test-method signature="testDelete()[pri:0, instance:post_get.PutPatchDelete@5e0826e7]" started-at="2024-01-19T20:46:28 CST" name="testDelete" finished-at="2024-01-19T20:46:30 CST" duration-ms="2217" status="PASS">
          <reporter-output>
          </reporter-output>
        </test-method> <!-- testDelete -->
        <test-method signature="testPatch()[pri:0, instance:post_get.PutPatchDelete@5e0826e7]" started-at="2024-01-19T20:46:30 CST" name="testPatch" finished-at="2024-01-19T20:46:30 CST" duration-ms="524" status="PASS">
          <reporter-output>
          </reporter-output>
        </test-method> <!-- testPatch -->
        <test-method signature="testPut()[pri:0, instance:post_get.PutPatchDelete@5e0826e7]" started-at="2024-01-19T20:46:30 CST" name="testPut" finished-at="2024-01-19T20:46:31 CST" duration-ms="355" status="PASS">
          <reporter-output>
          </reporter-output>
        </test-method> <!-- testPut -->
      </class> <!-- post_get.PutPatchDelete -->
    </test> <!-- Default test -->
  </suite> <!-- Default suite -->
</testng-results>
